<?xml version="1.0" encoding="UTF-8"?>
<!-- Generated by org.testng.reporters.JUnitXMLReporter -->
<testsuite hostname="Mds-MacBook-Pro" ignored="0" name="Command line test" tests="17" failures="0" timestamp="2018-09-30T15:44:03 EDT" time="0.895" errors="0">
  <testcase name="A" time="0.067" classname="testNG.TestGroupTwo"/>
  <testcase name="B" time="0.002" classname="testNG.TestGroupTwo"/>
  <testcase name="C" time="0.002" classname="testNG.TestGroupTwo"/>
  <testcase name="D" time="0.001" classname="testNG.TestGroupTwo"/>
  <testcase name="E" time="0.002" classname="testNG.TestGroupTwo"/>
  <testcase name="test4" time="0.001" classname="testNG.Testannotation"/>
  <testcase name="test5" time="0.002" classname="testNG.Testannotation"/>
  <testcase name="A" time="0.003" classname="testNG.TestGroup"/>
  <testcase name="B" time="0.002" classname="testNG.TestGroup"/>
  <testcase name="C" time="0.002" classname="testNG.TestGroup"/>
  <testcase name="D" time="0.001" classname="testNG.TestGroup"/>
  <testcase name="E" time="0.003" classname="testNG.TestGroup"/>
  <testcase name="f1" time="0.009" classname="testNG.TestSkipException"/>
  <testcase name="f2" time="0.001" classname="testNG.TestSkipException">
    <skipped/>
  </testcase> <!-- f2 -->
  <testcase name="test2" time="0.001" classname="testNG.Testannotation"/>
  <testcase name="test" time="0.005" classname="testNG.Testannotation"/>
  <testcase name="test3" time="0.002" classname="testNG.Testannotation"/>
</testsuite> <!-- Command line test -->
