<?xml version="1.0" encoding="UTF-8" ?>
<testsuite tests="17" failures="0" name="TestSuite" time="0.485" errors="0" skipped="1">
  <properties>
[...]
</properties>
  <testcase classname="testNG.TestGroupTwo" name="A" time="0.152"/>
  <testcase classname="testNG.TestGroupTwo" name="B" time="0.018"/>
  <testcase classname="testNG.TestGroupTwo" name="C" time="0.014"/>
  <testcase classname="testNG.TestGroupTwo" name="D" time="0.014"/>
  <testcase classname="testNG.TestGroupTwo" name="E" time="0.034"/>
  <testcase classname="testNG.Testannotation" name="test4" time="0.041"/>
  <testcase classname="testNG.Testannotation" name="test5" time="0.012"/>
  <testcase classname="testNG.TestGroup" name="A" time="0.008"/>
  <testcase classname="testNG.TestGroup" name="B" time="0.02"/>
  <testcase classname="testNG.TestGroup" name="C" time="0.035"/>
  <testcase classname="testNG.TestGroup" name="D" time="0.015"/>
  <testcase classname="testNG.TestGroup" name="E" time="0.029"/>
  <testcase classname="testNG.TestSkipException" name="f1" time="0.035"/>
  <testcase classname="testNG.TestSkipException" name="f2" time="0.014">
    <skipped/>
  </testcase>
  <testcase classname="testNG.Testannotation" name="test2" time="0.01"/>
  <testcase classname="testNG.Testannotation" name="test" time="0.018"/>
  <testcase classname="testNG.Testannotation" name="test3" time="0.016"/>
</testsuite>