<?xml version="1.0" encoding="UTF-8"?>
<testng-results skipped="1" failed="0" ignored="0" total="17" passed="16">
  <reporter-output>
  </reporter-output>
  <suite name="Command line suite" duration-ms="895" started-at="2018-09-30T15:44:02 EDT" finished-at="2018-09-30T15:44:03 EDT">
    <groups>
      <group name="One">
        <method signature="TestGroup.A()[pri:0, instance:testNG.TestGroup@5ea434c8]" name="A" class="testNG.TestGroup"/>
        <method signature="TestGroup.B()[pri:0, instance:testNG.TestGroup@5ea434c8]" name="B" class="testNG.TestGroup"/>
        <method signature="TestGroup.C()[pri:0, instance:testNG.TestGroup@5ea434c8]" name="C" class="testNG.TestGroup"/>
        <method signature="TestGroupTwo.A()[pri:0, instance:testNG.TestGroupTwo@5d47c63f]" name="A" class="testNG.TestGroupTwo"/>
        <method signature="TestGroupTwo.B()[pri:0, instance:testNG.TestGroupTwo@5d47c63f]" name="B" class="testNG.TestGroupTwo"/>
        <method signature="TestGroupTwo.C()[pri:0, instance:testNG.TestGroupTwo@5d47c63f]" name="C" class="testNG.TestGroupTwo"/>
      </group> <!-- One -->
      <group name="Two">
        <method signature="TestGroup.D()[pri:0, instance:testNG.TestGroup@5ea434c8]" name="D" class="testNG.TestGroup"/>
        <method signature="TestGroupTwo.D()[pri:0, instance:testNG.TestGroupTwo@5d47c63f]" name="D" class="testNG.TestGroupTwo"/>
      </group> <!-- Two -->
      <group name="Three">
        <method signature="TestGroup.E()[pri:0, instance:testNG.TestGroup@5ea434c8]" name="E" class="testNG.TestGroup"/>
        <method signature="TestGroupTwo.E()[pri:0, instance:testNG.TestGroupTwo@5d47c63f]" name="E" class="testNG.TestGroupTwo"/>
      </group> <!-- Three -->
    </groups>
    <test name="Command line test" duration-ms="895" started-at="2018-09-30T15:44:02 EDT" finished-at="2018-09-30T15:44:03 EDT">
      <class name="testNG.Testannotation">
        <test-method status="PASS" signature="beforeTest()[pri:0, instance:testNG.Testannotation@67e2d983]" name="beforeTest" is-config="true" duration-ms="15" started-at="2018-09-30T15:44:02 EDT" finished-at="2018-09-30T15:44:02 EDT">
          <reporter-output>
          </reporter-output>
        </test-method> <!-- beforeTest -->
        <test-method status="PASS" signature="beforemethod()[pri:0, instance:testNG.Testannotation@67e2d983]" name="beforemethod" is-config="true" duration-ms="1" started-at="2018-09-30T15:44:03 EDT" finished-at="2018-09-30T15:44:03 EDT">
          <reporter-output>
          </reporter-output>
        </test-method> <!-- beforemethod -->
        <test-method status="PASS" signature="test4()[pri:0, instance:testNG.Testannotation@67e2d983]" name="test4" duration-ms="1" started-at="2018-09-30T15:44:03 EDT" finished-at="2018-09-30T15:44:03 EDT">
          <reporter-output>
          </reporter-output>
        </test-method> <!-- test4 -->
        <test-method status="PASS" signature="aftermethod()[pri:0, instance:testNG.Testannotation@67e2d983]" name="aftermethod" is-config="true" duration-ms="1" started-at="2018-09-30T15:44:03 EDT" finished-at="2018-09-30T15:44:03 EDT">
          <reporter-output>
          </reporter-output>
        </test-method> <!-- aftermethod -->
        <test-method status="PASS" signature="beforemethod()[pri:0, instance:testNG.Testannotation@67e2d983]" name="beforemethod" is-config="true" duration-ms="0" started-at="2018-09-30T15:44:03 EDT" finished-at="2018-09-30T15:44:03 EDT">
          <reporter-output>
          </reporter-output>
        </test-method> <!-- beforemethod -->
        <test-method status="PASS" signature="test5()[pri:0, instance:testNG.Testannotation@67e2d983]" name="test5" duration-ms="2" started-at="2018-09-30T15:44:03 EDT" finished-at="2018-09-30T15:44:03 EDT">
          <reporter-output>
          </reporter-output>
        </test-method> <!-- test5 -->
        <test-method status="PASS" signature="aftermethod()[pri:0, instance:testNG.Testannotation@67e2d983]" name="aftermethod" is-config="true" duration-ms="0" started-at="2018-09-30T15:44:03 EDT" finished-at="2018-09-30T15:44:03 EDT">
          <reporter-output>
          </reporter-output>
        </test-method> <!-- aftermethod -->
        <test-method status="PASS" signature="beforemethod()[pri:0, instance:testNG.Testannotation@67e2d983]" name="beforemethod" is-config="true" duration-ms="0" started-at="2018-09-30T15:44:03 EDT" finished-at="2018-09-30T15:44:03 EDT">
          <reporter-output>
          </reporter-output>
        </test-method> <!-- beforemethod -->
        <test-method status="PASS" signature="test2()[pri:1, instance:testNG.Testannotation@67e2d983]" name="test2" duration-ms="1" started-at="2018-09-30T15:44:03 EDT" finished-at="2018-09-30T15:44:03 EDT">
          <reporter-output>
          </reporter-output>
        </test-method> <!-- test2 -->
        <test-method status="PASS" signature="aftermethod()[pri:0, instance:testNG.Testannotation@67e2d983]" name="aftermethod" is-config="true" duration-ms="0" started-at="2018-09-30T15:44:03 EDT" finished-at="2018-09-30T15:44:03 EDT">
          <reporter-output>
          </reporter-output>
        </test-method> <!-- aftermethod -->
        <test-method status="PASS" signature="beforemethod()[pri:0, instance:testNG.Testannotation@67e2d983]" name="beforemethod" is-config="true" duration-ms="3" started-at="2018-09-30T15:44:03 EDT" finished-at="2018-09-30T15:44:03 EDT">
          <reporter-output>
          </reporter-output>
        </test-method> <!-- beforemethod -->
        <test-method status="PASS" signature="test()[pri:2, instance:testNG.Testannotation@67e2d983]" name="test" duration-ms="5" started-at="2018-09-30T15:44:03 EDT" finished-at="2018-09-30T15:44:03 EDT">
          <reporter-output>
          </reporter-output>
        </test-method> <!-- test -->
        <test-method status="PASS" signature="aftermethod()[pri:0, instance:testNG.Testannotation@67e2d983]" name="aftermethod" is-config="true" duration-ms="1" started-at="2018-09-30T15:44:03 EDT" finished-at="2018-09-30T15:44:03 EDT">
          <reporter-output>
          </reporter-output>
        </test-method> <!-- aftermethod -->
        <test-method status="PASS" signature="beforemethod()[pri:0, instance:testNG.Testannotation@67e2d983]" name="beforemethod" is-config="true" duration-ms="0" started-at="2018-09-30T15:44:03 EDT" finished-at="2018-09-30T15:44:03 EDT">
          <reporter-output>
          </reporter-output>
        </test-method> <!-- beforemethod -->
        <test-method status="PASS" signature="test3()[pri:3, instance:testNG.Testannotation@67e2d983]" name="test3" duration-ms="2" started-at="2018-09-30T15:44:03 EDT" finished-at="2018-09-30T15:44:03 EDT">
          <reporter-output>
          </reporter-output>
        </test-method> <!-- test3 -->
        <test-method status="PASS" signature="aftermethod()[pri:0, instance:testNG.Testannotation@67e2d983]" name="aftermethod" is-config="true" duration-ms="0" started-at="2018-09-30T15:44:03 EDT" finished-at="2018-09-30T15:44:03 EDT">
          <reporter-output>
          </reporter-output>
        </test-method> <!-- aftermethod -->
        <test-method status="PASS" signature="aftertest()[pri:0, instance:testNG.Testannotation@67e2d983]" name="aftertest" is-config="true" duration-ms="0" started-at="2018-09-30T15:44:03 EDT" finished-at="2018-09-30T15:44:03 EDT">
          <reporter-output>
          </reporter-output>
        </test-method> <!-- aftertest -->
      </class> <!-- testNG.Testannotation -->
      <class name="testNG.TestGroup">
        <test-method status="PASS" signature="A()[pri:0, instance:testNG.TestGroup@5ea434c8]" name="A" duration-ms="3" started-at="2018-09-30T15:44:03 EDT" finished-at="2018-09-30T15:44:03 EDT">
          <reporter-output>
          </reporter-output>
        </test-method> <!-- A -->
        <test-method status="PASS" signature="B()[pri:0, instance:testNG.TestGroup@5ea434c8]" name="B" duration-ms="2" started-at="2018-09-30T15:44:03 EDT" finished-at="2018-09-30T15:44:03 EDT">
          <reporter-output>
          </reporter-output>
        </test-method> <!-- B -->
        <test-method status="PASS" signature="C()[pri:0, instance:testNG.TestGroup@5ea434c8]" name="C" duration-ms="2" started-at="2018-09-30T15:44:03 EDT" finished-at="2018-09-30T15:44:03 EDT">
          <reporter-output>
          </reporter-output>
        </test-method> <!-- C -->
        <test-method status="PASS" signature="D()[pri:0, instance:testNG.TestGroup@5ea434c8]" name="D" duration-ms="1" started-at="2018-09-30T15:44:03 EDT" finished-at="2018-09-30T15:44:03 EDT">
          <reporter-output>
          </reporter-output>
        </test-method> <!-- D -->
        <test-method status="PASS" signature="E()[pri:0, instance:testNG.TestGroup@5ea434c8]" name="E" duration-ms="3" started-at="2018-09-30T15:44:03 EDT" finished-at="2018-09-30T15:44:03 EDT">
          <reporter-output>
          </reporter-output>
        </test-method> <!-- E -->
      </class> <!-- testNG.TestGroup -->
      <class name="testNG.TestGroupTwo">
        <test-method status="PASS" signature="A()[pri:0, instance:testNG.TestGroupTwo@5d47c63f]" name="A" duration-ms="67" started-at="2018-09-30T15:44:02 EDT" finished-at="2018-09-30T15:44:03 EDT">
          <reporter-output>
          </reporter-output>
        </test-method> <!-- A -->
        <test-method status="PASS" signature="B()[pri:0, instance:testNG.TestGroupTwo@5d47c63f]" name="B" duration-ms="2" started-at="2018-09-30T15:44:03 EDT" finished-at="2018-09-30T15:44:03 EDT">
          <reporter-output>
          </reporter-output>
        </test-method> <!-- B -->
        <test-method status="PASS" signature="C()[pri:0, instance:testNG.TestGroupTwo@5d47c63f]" name="C" duration-ms="2" started-at="2018-09-30T15:44:03 EDT" finished-at="2018-09-30T15:44:03 EDT">
          <reporter-output>
          </reporter-output>
        </test-method> <!-- C -->
        <test-method status="PASS" signature="D()[pri:0, instance:testNG.TestGroupTwo@5d47c63f]" name="D" duration-ms="1" started-at="2018-09-30T15:44:03 EDT" finished-at="2018-09-30T15:44:03 EDT">
          <reporter-output>
          </reporter-output>
        </test-method> <!-- D -->
        <test-method status="PASS" signature="E()[pri:0, instance:testNG.TestGroupTwo@5d47c63f]" name="E" duration-ms="2" started-at="2018-09-30T15:44:03 EDT" finished-at="2018-09-30T15:44:03 EDT">
          <reporter-output>
          </reporter-output>
        </test-method> <!-- E -->
      </class> <!-- testNG.TestGroupTwo -->
      <class name="testNG.TestSkipException">
        <test-method status="PASS" signature="f1()[pri:0, instance:testNG.TestSkipException@3bbc39f8]" name="f1" duration-ms="9" started-at="2018-09-30T15:44:03 EDT" finished-at="2018-09-30T15:44:03 EDT">
          <reporter-output>
          </reporter-output>
        </test-method> <!-- f1 -->
        <test-method status="SKIP" signature="f2()[pri:0, instance:testNG.TestSkipException@3bbc39f8]" name="f2" duration-ms="1" started-at="2018-09-30T15:44:03 EDT" finished-at="2018-09-30T15:44:03 EDT">
          <exception class="org.testng.SkipException">
            <message>
              <![CDATA[skip the test.]]>
            </message>
            <full-stacktrace>
              <![CDATA[org.testng.SkipException: skip the test.
at testNG.TestSkipException.f2(TestSkipException.java:36)
at sun.reflect.NativeMethodAccessorImpl.invoke0(Native Method)
at sun.reflect.NativeMethodAccessorImpl.invoke(NativeMethodAccessorImpl.java:62)
at sun.reflect.DelegatingMethodAccessorImpl.invoke(DelegatingMethodAccessorImpl.java:43)
at java.lang.reflect.Method.invoke(Method.java:498)
at org.testng.internal.MethodInvocationHelper.invokeMethod(MethodInvocationHelper.java:131)
at org.testng.internal.Invoker.invokeMethod(Invoker.java:658)
at org.testng.internal.Invoker.invokeTestMethod(Invoker.java:792)
at org.testng.internal.Invoker.invokeTestMethods(Invoker.java:1103)
at org.testng.internal.TestMethodWorker.invokeTestMethods(TestMethodWorker.java:140)
at org.testng.internal.TestMethodWorker.run(TestMethodWorker.java:122)
at org.testng.TestRunner.privateRun(TestRunner.java:739)
at org.testng.TestRunner.run(TestRunner.java:589)
at org.testng.SuiteRunner.runTest(SuiteRunner.java:398)
at org.testng.SuiteRunner.runSequentially(SuiteRunner.java:392)
at org.testng.SuiteRunner.privateRun(SuiteRunner.java:354)
at org.testng.SuiteRunner.run(SuiteRunner.java:302)
at org.testng.SuiteRunnerWorker.runSuite(SuiteRunnerWorker.java:53)
at org.testng.SuiteRunnerWorker.run(SuiteRunnerWorker.java:96)
at org.testng.TestNG.runSuitesSequentially(TestNG.java:1145)
at org.testng.TestNG.runSuitesLocally(TestNG.java:1067)
at org.testng.TestNG.runSuites(TestNG.java:997)
at org.testng.TestNG.run(TestNG.java:965)
at org.apache.maven.surefire.testng.TestNGExecutor.run(TestNGExecutor.java:77)
at org.apache.maven.surefire.testng.TestNGDirectoryTestSuite.executeMulti(TestNGDirectoryTestSuite.java:159)
at org.apache.maven.surefire.testng.TestNGDirectoryTestSuite.execute(TestNGDirectoryTestSuite.java:99)
at org.apache.maven.surefire.testng.TestNGProvider.invoke(TestNGProvider.java:106)
at sun.reflect.NativeMethodAccessorImpl.invoke0(Native Method)
at sun.reflect.NativeMethodAccessorImpl.invoke(NativeMethodAccessorImpl.java:62)
at sun.reflect.DelegatingMethodAccessorImpl.invoke(DelegatingMethodAccessorImpl.java:43)
at java.lang.reflect.Method.invoke(Method.java:498)
at org.apache.maven.surefire.util.ReflectionUtils.invokeMethodWithArray(ReflectionUtils.java:189)
at org.apache.maven.surefire.booter.ProviderFactory$ProviderProxy.invoke(ProviderFactory.java:165)
at org.apache.maven.surefire.booter.ProviderFactory.invokeProvider(ProviderFactory.java:85)
at org.apache.maven.surefire.booter.ForkedBooter.runSuitesInProcess(ForkedBooter.java:115)
at org.apache.maven.surefire.booter.ForkedBooter.main(ForkedBooter.java:75)
]]>
            </full-stacktrace>
          </exception> <!-- org.testng.SkipException -->
          <reporter-output>
          </reporter-output>
        </test-method> <!-- f2 -->
      </class> <!-- testNG.TestSkipException -->
    </test> <!-- Command line test -->
  </suite> <!-- Command line suite -->
</testng-results>
